<?xml version="1.0" encoding="UTF-8"?>
<robot generator="Robot 6.1.1 (Python 3.10.12 on win32)" generated="20230920 10:17:35.869" rpa="true" schemaversion="4">
<suite id="s1" name="Tasks" source="c:\Users\simon\.robocorp-code\travsport\travsport\tasks.robot">
<test id="s1-t1" name="Open page and download document" line="13">
<kw name="New Browser" library="RPA.Browser.Playwright">
<arg>headless=${False}</arg>
<arg>downloadsPath=${OUTPUT_DIR}${/}file.pdf</arg>
<tag>BrowserControl</tag>
<tag>Setter</tag>
<doc>Create a new playwright Browser with specified options.</doc>
<msg timestamp="20230920 10:17:40.464" level="INFO">{"browser": "chromium", "headless": false, "chromiumSandbox": false, "devtools": false, "downloadsPath": "C:\\Users\\simon\\.robocorp-code\\travsport\\file.pdf", "handleSIGHUP": true, "handleSIGINT": true, "handleSIGTERM": true, "slowMo": 0.0, "timeout": 30000.0, "tracesDir": "C:\\Users\\simon\\.robocorp-code\\travsport\\browser\\traces\\58e227ff-f634-4d6c-a251-c1573f6be738"}</msg>
<msg timestamp="20230920 10:17:41.376" level="INFO">Successfully created browser with options: {"browser":"chromium","headless":false,"chromiumSandbox":false,"devtools":false,"downloadsPath":"C:\\Users\\simon\\.robocorp-code\\travsport\\file.pdf","handleSIGHUP":true,"handleSIGINT":true,"handleSIGTERM":true,"slowMo":0,"timeout":30000,"tracesDir":"C:\\Users\\simon\\.robocorp-code\\travsport\\browser\\traces\\58e227ff-f634-4d6c-a251-c1573f6be738"}</msg>
<status status="PASS" starttime="20230920 10:17:40.460" endtime="20230920 10:17:41.376"/>
</kw>
<kw name="New Context" library="RPA.Browser.Playwright">
<arg>acceptDownloads=${True}</arg>
<tag>BrowserControl</tag>
<tag>Setter</tag>
<doc>Create a new BrowserContext with specified options.</doc>
<msg timestamp="20230920 10:17:41.388" level="INFO">{
  "acceptDownloads": true,
  "bypassCSP": false,
  "forcedColors": "none",
  "hideRfBrowser": "",
  "ignoreHTTPSErrors": false,
  "javaScriptEnabled": true,
  "offline": false,
  "reducedMotion": "no-preference",
  "serviceWorkers": "allow",
  "viewport": {
    "width": 1280,
    "height": 720
  }
}</msg>
<msg timestamp="20230920 10:17:41.409" level="INFO">Successfully created context. </msg>
<msg timestamp="20230920 10:17:41.409" level="INFO">{'acceptDownloads': True, 'bypassCSP': False, 'forcedColors': 'none', 'hideRfBrowser': '', 'ignoreHTTPSErrors': False, 'javaScriptEnabled': True, 'offline': False, 'reducedMotion': 'no-preference', 'serviceWorkers': 'allow', 'viewport': {'width': 1280, 'height': 720}}</msg>
<status status="PASS" starttime="20230920 10:17:41.376" endtime="20230920 10:17:41.409"/>
</kw>
<kw name="New Page" library="RPA.Browser.Playwright">
<arg>${sida}</arg>
<tag>BrowserControl</tag>
<tag>Setter</tag>
<doc>Open a new Page.</doc>
<msg timestamp="20230920 10:17:43.656" level="INFO">Successfully initialized new page object and opened url: https://www.travsport.se</msg>
<status status="PASS" starttime="20230920 10:17:41.413" endtime="20230920 10:17:43.658"/>
</kw>
<kw name="Run Keyword And Ignore Error" library="BuiltIn">
<arg>Click</arg>
<arg>id:btn-cookie</arg>
<doc>Runs the given keyword with the given arguments and ignores possible error.</doc>
<kw name="Click" library="RPA.Browser.Playwright">
<arg>id:btn-cookie</arg>
<tag>PageContent</tag>
<tag>Setter</tag>
<doc>Simulates mouse click on the element found by ``selector``.</doc>
<msg timestamp="20230920 10:17:44.117" level="INFO" html="true">&lt;/td&gt;&lt;/tr&gt;&lt;tr&gt;&lt;td colspan="3"&gt;&lt;a href="browser/screenshot/fail-screenshot-1.png" target="_blank"&gt;&lt;img src="browser/screenshot/fail-screenshot-1.png" width="800px"/&gt;&lt;/a&gt;</msg>
<msg timestamp="20230920 10:17:44.117" level="INFO">See also file:///C:/Users/simon/.robocorp-code/travsport/playwright-log.txt for additional details.</msg>
<msg timestamp="20230920 10:17:44.118" level="FAIL">Error: locator.click: DOMException: Failed to execute 'querySelectorAll' on 'Document': 'id:btn-cookie' is not a valid selector.
    at query (&lt;anonymous&gt;:3269:41)
    at &lt;anonymous&gt;:3279:7
    at SelectorEvaluatorImpl._cached (&lt;anonymous&gt;:3056:20)
    at SelectorEvaluatorImpl._queryCSS (&lt;anonymous&gt;:3266:17)
    at SelectorEvaluatorImpl._querySimple (&lt;anonymous&gt;:3146:19)
    at &lt;anonymous&gt;:3094:29
    at SelectorEvaluatorImpl._cached (&lt;anonymous&gt;:3056:20)
    at SelectorEvaluatorImpl.query (&lt;anonymous&gt;:3087:19)
    at Object.query (&lt;anonymous&gt;:3301:44)
    at &lt;anonymous&gt;:3259:21
=========================== logs ===========================
waiting for locator('id:btn-cookie')
============================================================</msg>
<status status="FAIL" starttime="20230920 10:17:43.664" endtime="20230920 10:17:44.125"/>
</kw>
<status status="PASS" starttime="20230920 10:17:43.661" endtime="20230920 10:17:44.126"/>
</kw>
<kw name="Click" library="RPA.Browser.Playwright">
<arg>"Sport"</arg>
<tag>PageContent</tag>
<tag>Setter</tag>
<doc>Simulates mouse click on the element found by ``selector``.</doc>
<status status="PASS" starttime="20230920 10:17:44.128" endtime="20230920 10:17:44.257"/>
</kw>
<kw name="Click" library="RPA.Browser.Playwright">
<arg>"Propositionshäfte"</arg>
<tag>PageContent</tag>
<tag>Setter</tag>
<doc>Simulates mouse click on the element found by ``selector``.</doc>
<status status="PASS" starttime="20230920 10:17:44.259" endtime="20230920 10:17:44.597"/>
</kw>
<kw name="Set Variable" library="BuiltIn">
<var>${text_to_find}</var>
<arg>Propositioner augusti 2023</arg>
<doc>Returns the given values which can then be assigned to a variables.</doc>
<msg timestamp="20230920 10:17:44.600" level="INFO">${text_to_find} = Propositioner augusti 2023</msg>
<status status="PASS" starttime="20230920 10:17:44.599" endtime="20230920 10:17:44.601"/>
</kw>
<kw name="Get Element" library="RPA.Browser.Playwright">
<var>${elem}</var>
<arg>text=${text_to_find}</arg>
<tag>Getter</tag>
<tag>PageContent</tag>
<doc>Returns a reference to a Playwright [https://playwright.dev/docs/api/class-locator|Locator].</doc>
<msg timestamp="20230920 10:17:44.943" level="INFO">Locator found successfully.</msg>
<msg timestamp="20230920 10:17:44.944" level="INFO">${elem} = text=Propositioner augusti 2023</msg>
<status status="PASS" starttime="20230920 10:17:44.606" endtime="20230920 10:17:44.944"/>
</kw>
<kw name="Get Property" library="RPA.Browser.Playwright">
<var>${href}</var>
<arg>${elem}</arg>
<arg>href</arg>
<tag>Assertion</tag>
<tag>Getter</tag>
<tag>PageContent</tag>
<doc>Returns the ``property`` of the element found by ``selector``.</doc>
<msg timestamp="20230920 10:17:45.002" level="INFO">Property: 'https://www.travsport.se/siteassets/relaterade-dokument/tavling/propositioner/propositioner-augusti-2023.pdf?414'</msg>
<msg timestamp="20230920 10:17:45.003" level="INFO">${href} = https://www.travsport.se/siteassets/relaterade-dokument/tavling/propositioner/propositioner-augusti-2023.pdf?414</msg>
<status status="PASS" starttime="20230920 10:17:44.946" endtime="20230920 10:17:45.003"/>
</kw>
<kw name="Catenate" library="BuiltIn">
<var>${file_to_store}</var>
<arg>SEPARATOR=</arg>
<arg>${text_to_find}</arg>
<arg>.pdf</arg>
<doc>Catenates the given items together and returns the resulted string.</doc>
<msg timestamp="20230920 10:17:45.008" level="INFO">${file_to_store} = Propositioner augusti 2023.pdf</msg>
<status status="PASS" starttime="20230920 10:17:45.006" endtime="20230920 10:17:45.008"/>
</kw>
<kw name="Download" library="RPA.Browser.Playwright">
<arg>${href}</arg>
<tag>Page Content</tag>
<doc>Download given url content.</doc>
<msg timestamp="20230920 10:17:50.327" level="INFO">Url content downloaded to a file: C:\Users\simon\.robocorp-code\travsport\file.pdf\383f1cb5-bbee-4c68-935e-f43fcaace462</msg>
<status status="PASS" starttime="20230920 10:17:45.010" endtime="20230920 10:17:50.327"/>
</kw>
<kw name="Sleep" library="BuiltIn">
<arg>5s</arg>
<doc>Pauses the test executed for the given time.</doc>
<msg timestamp="20230920 10:17:59.274" level="INFO">Slept 5 seconds</msg>
<status status="PASS" starttime="20230920 10:17:50.327" endtime="20230920 10:17:59.274"/>
</kw>
<kw name="Close Browser" library="RPA.Browser.Playwright" type="TEARDOWN">
<tag>BrowserControl</tag>
<tag>Setter</tag>
<doc>Closes the current browser.</doc>
<msg timestamp="20230920 10:17:59.510" level="INFO">Closed browser</msg>
<status status="PASS" starttime="20230920 10:17:59.280" endtime="20230920 10:17:59.510"/>
</kw>
<status status="PASS" starttime="20230920 10:17:40.449" endtime="20230920 10:17:59.510"/>
</test>
<doc>Playwright template.</doc>
<status status="PASS" starttime="20230920 10:17:35.885" endtime="20230920 10:17:59.527"/>
</suite>
<statistics>
<total>
<stat pass="1" fail="0" skip="0">All Tasks</stat>
</total>
<tag>
</tag>
<suite>
<stat pass="1" fail="0" skip="0" id="s1" name="Tasks">Tasks</stat>
</suite>
</statistics>
<errors>
</errors>
</robot>
